<?xml version="1.0" encoding="UTF-8"?>
<testsuite xmlns:xsi="http://www.w3.org/2001/XMLSchema-instance" xsi:noNamespaceSchemaLocation="https://maven.apache.org/surefire/maven-surefire-plugin/xsd/surefire-test-report-3.0.xsd" version="3.0" name="se.mushroomid.service.PythonApiServiceTest" time="1.358" tests="8" errors="0" skipped="0" failures="0">
  <properties>
[...]
</properties>
  <testcase name="health_returnsEmptyMapWhenPythonReturnsEmpty" classname="se.mushroomid.service.PythonApiServiceTest" time="1.174">
    <system-err><![CDATA[WARNING: A Java agent has been loaded dynamically (/home/iannyf/.m2/repository/net/bytebuddy/byte-buddy-agent/1.14.12/byte-buddy-agent-1.14.12.jar)
WARNING: If a serviceability tool is in use, please run with -XX:+EnableDynamicAgentLoading to hide this warning
WARNING: If a serviceability tool is not in use, please run with -Djdk.instrument.traceUsage for more information
WARNING: Dynamic loading of agents will be disallowed by default in a future release
]]></system-err>
  </testcase>
  <testcase name="step4Finalize_returnsUnknownVerdictForAmbiguousResult" classname="se.mushroomid.service.PythonApiServiceTest" time="0.018"/>
  <testcase name="step2Answer_returnsNextQuestion" classname="se.mushroomid.service.PythonApiServiceTest" time="0.007"/>
  <testcase name="step3Compare_returnsTraitMatchScore" classname="se.mushroomid.service.PythonApiServiceTest" time="0.006"/>
  <testcase name="step4Finalize_returnsFinalResult" classname="se.mushroomid.service.PythonApiServiceTest" time="0.005"/>
  <testcase name="step2Start_returnsQuestion" classname="se.mushroomid.service.PythonApiServiceTest" time="0.006"/>
  <testcase name="health_returnsPythonResponse" classname="se.mushroomid.service.PythonApiServiceTest" time="0.005"/>
  <testcase name="step2Start_returnsConclusion" classname="se.mushroomid.service.PythonApiServiceTest" time="0.004"/>
</testsuite>